<?xml version="1.0" encoding="UTF-8"?>
<coverage generated="1774241316646" clover="3.2.0">
  <project timestamp="1774241316646" name="All files">
    <metrics statements="108" coveredstatements="106" conditionals="40" coveredconditionals="38" methods="32" coveredmethods="32" elements="180" coveredelements="176" complexity="0" loc="108" ncloc="108" packages="2" files="9" classes="9"/>
    <package name="src">
      <metrics statements="102" coveredstatements="100" conditionals="39" coveredconditionals="37" methods="28" coveredmethods="28"/>
      <file name="attributes.ts" path="/Users/zillingen/dev/custom-fe-fwk/packages/runtime/src/attributes.ts">
        <metrics statements="23" coveredstatements="23" conditionals="10" coveredconditionals="10" methods="6" coveredmethods="6"/>
        <line num="4" count="2" type="stmt"/>
        <line num="5" count="75" type="stmt"/>
        <line num="7" count="75" type="cond" truecount="2" falsecount="0"/>
        <line num="8" count="18" type="stmt"/>
        <line num="11" count="75" type="cond" truecount="2" falsecount="0"/>
        <line num="12" count="4" type="stmt"/>
        <line num="13" count="8" type="stmt"/>
        <line num="17" count="75" type="stmt"/>
        <line num="18" count="34" type="stmt"/>
        <line num="22" count="2" type="stmt"/>
        <line num="23" count="18" type="stmt"/>
        <line num="25" count="18" type="cond" truecount="2" falsecount="0"/>
        <line num="26" count="15" type="stmt"/>
        <line num="29" count="18" type="cond" truecount="2" falsecount="0"/>
        <line num="30" count="3" type="stmt"/>
        <line num="34" count="2" type="stmt"/>
        <line num="35" count="8" type="stmt"/>
        <line num="38" count="2" type="stmt"/>
        <line num="39" count="34" type="cond" truecount="2" falsecount="0"/>
        <line num="40" count="3" type="stmt"/>
        <line num="42" count="31" type="stmt"/>
        <line num="46" count="2" type="stmt"/>
        <line num="47" count="3" type="stmt"/>
      </file>
      <file name="components.ts" path="/Users/zillingen/dev/custom-fe-fwk/packages/runtime/src/components.ts">
        <metrics statements="1" coveredstatements="1" conditionals="0" coveredconditionals="0" methods="1" coveredmethods="1"/>
        <line num="6" count="1" type="stmt"/>
      </file>
      <file name="destroy-dom.ts" path="/Users/zillingen/dev/custom-fe-fwk/packages/runtime/src/destroy-dom.ts">
        <metrics statements="24" coveredstatements="24" conditionals="8" coveredconditionals="8" methods="4" coveredmethods="4"/>
        <line num="5" count="1" type="stmt"/>
        <line num="6" count="23" type="stmt"/>
        <line num="8" count="23" type="cond" truecount="4" falsecount="0"/>
        <line num="10" count="8" type="stmt"/>
        <line num="11" count="8" type="stmt"/>
        <line num="14" count="10" type="stmt"/>
        <line num="15" count="10" type="stmt"/>
        <line num="18" count="4" type="stmt"/>
        <line num="19" count="4" type="stmt"/>
        <line num="22" count="1" type="stmt"/>
        <line num="25" count="22" type="stmt"/>
        <line num="28" count="1" type="stmt"/>
        <line num="29" count="8" type="stmt"/>
        <line num="30" count="8" type="stmt"/>
        <line num="33" count="1" type="stmt"/>
        <line num="34" count="10" type="stmt"/>
        <line num="36" count="10" type="stmt"/>
        <line num="37" count="10" type="stmt"/>
        <line num="39" count="10" type="cond" truecount="4" falsecount="0"/>
        <line num="40" count="1" type="stmt"/>
        <line num="41" count="1" type="stmt"/>
        <line num="45" count="1" type="stmt"/>
        <line num="46" count="4" type="stmt"/>
        <line num="47" count="4" type="stmt"/>
      </file>
      <file name="events.ts" path="/Users/zillingen/dev/custom-fe-fwk/packages/runtime/src/events.ts">
        <metrics statements="16" coveredstatements="16" conditionals="10" coveredconditionals="10" methods="5" coveredmethods="5"/>
        <line num="4" count="2" type="cond" truecount="1" falsecount="0"/>
        <line num="5" count="73" type="stmt"/>
        <line num="7" count="73" type="cond" truecount="2" falsecount="0"/>
        <line num="9" count="72" type="stmt"/>
        <line num="10" count="17" type="cond" truecount="2" falsecount="0"/>
        <line num="11" count="15" type="stmt"/>
        <line num="12" count="15" type="stmt"/>
        <line num="16" count="72" type="stmt"/>
        <line num="19" count="2" type="stmt"/>
        <line num="20" count="15" type="stmt"/>
        <line num="22" count="15" type="stmt"/>
        <line num="25" count="2" type="cond" truecount="1" falsecount="0"/>
        <line num="26" count="15" type="cond" truecount="2" falsecount="0"/>
        <line num="28" count="14" type="stmt"/>
        <line num="29" count="13" type="cond" truecount="2" falsecount="0"/>
        <line num="30" count="11" type="stmt"/>
      </file>
      <file name="h.ts" path="/Users/zillingen/dev/custom-fe-fwk/packages/runtime/src/h.ts">
        <metrics statements="7" coveredstatements="7" conditionals="4" coveredconditionals="4" methods="5" coveredmethods="5"/>
        <line num="4" count="4" type="stmt"/>
        <line num="10" count="4" type="stmt"/>
        <line num="15" count="63" type="stmt"/>
        <line num="23" count="4" type="stmt"/>
        <line num="24" count="90" type="cond" truecount="2" falsecount="0"/>
        <line num="26" count="45" type="stmt"/>
        <line num="28" count="8" type="stmt"/>
      </file>
      <file name="mount-dom.ts" path="/Users/zillingen/dev/custom-fe-fwk/packages/runtime/src/mount-dom.ts">
        <metrics statements="31" coveredstatements="29" conditionals="7" coveredconditionals="5" methods="7" coveredmethods="7"/>
        <line num="6" count="1" type="stmt"/>
        <line num="7" count="98" type="cond" truecount="3" falsecount="1"/>
        <line num="9" count="36" type="stmt"/>
        <line num="10" count="36" type="stmt"/>
        <line num="12" count="55" type="stmt"/>
        <line num="13" count="55" type="stmt"/>
        <line num="15" count="7" type="stmt"/>
        <line num="16" count="7" type="stmt"/>
        <line num="18" count="0" type="stmt"/>
        <line num="22" count="1" type="stmt"/>
        <line num="23" count="36" type="stmt"/>
        <line num="25" count="36" type="stmt"/>
        <line num="26" count="36" type="stmt"/>
        <line num="28" count="36" type="stmt"/>
        <line num="31" count="1" type="stmt"/>
        <line num="32" count="7" type="stmt"/>
        <line num="33" count="7" type="stmt"/>
        <line num="35" count="17" type="stmt"/>
        <line num="38" count="1" type="stmt"/>
        <line num="39" count="55" type="stmt"/>
        <line num="41" count="55" type="stmt"/>
        <line num="42" count="55" type="cond" truecount="1" falsecount="1"/>
        <line num="43" count="0" type="stmt"/>
        <line num="45" count="55" type="stmt"/>
        <line num="46" count="55" type="stmt"/>
        <line num="48" count="63" type="stmt"/>
        <line num="49" count="55" type="stmt"/>
        <line num="52" count="1" type="cond" truecount="1" falsecount="0"/>
        <line num="53" count="55" type="stmt"/>
        <line num="55" count="55" type="stmt"/>
        <line num="56" count="55" type="stmt"/>
      </file>
    </package>
    <package name="src.utils">
      <metrics statements="6" coveredstatements="6" conditionals="1" coveredconditionals="1" methods="4" coveredmethods="4"/>
      <file name="arrays.ts" path="/Users/zillingen/dev/custom-fe-fwk/packages/runtime/src/utils/arrays.ts">
        <metrics statements="1" coveredstatements="1" conditionals="0" coveredconditionals="0" methods="2" coveredmethods="2"/>
        <line num="1" count="97" type="stmt"/>
      </file>
      <file name="objects.ts" path="/Users/zillingen/dev/custom-fe-fwk/packages/runtime/src/utils/objects.ts">
        <metrics statements="2" coveredstatements="2" conditionals="0" coveredconditionals="0" methods="1" coveredmethods="1"/>
        <line num="1" count="4" type="stmt"/>
        <line num="2" count="91" type="stmt"/>
      </file>
      <file name="text.ts" path="/Users/zillingen/dev/custom-fe-fwk/packages/runtime/src/utils/text.ts">
        <metrics statements="3" coveredstatements="3" conditionals="1" coveredconditionals="1" methods="1" coveredmethods="1"/>
        <line num="4" count="1" type="stmt"/>
        <line num="9" count="1" type="cond" truecount="1" falsecount="0"/>
        <line num="10" count="1" type="stmt"/>
      </file>
    </package>
  </project>
</coverage>
