{"/Users/zillingen/dev/custom-fe-fwk/packages/runtime/src/attributes.ts": {"path":"/Users/zillingen/dev/custom-fe-fwk/packages/runtime/src/attributes.ts","statementMap":{"0":{"start":{"line":4,"column":29},"end":{"line":20,"column":null}},"1":{"start":{"line":5,"column":53},"end":{"line":5,"column":null}},"2":{"start":{"line":7,"column":2},"end":{"line":9,"column":null}},"3":{"start":{"line":8,"column":4},"end":{"line":8,"column":null}},"4":{"start":{"line":11,"column":2},"end":{"line":15,"column":null}},"5":{"start":{"line":12,"column":4},"end":{"line":14,"column":null}},"6":{"start":{"line":13,"column":6},"end":{"line":13,"column":null}},"7":{"start":{"line":17,"column":2},"end":{"line":19,"column":null}},"8":{"start":{"line":18,"column":4},"end":{"line":18,"column":null}},"9":{"start":{"line":22,"column":17},"end":{"line":32,"column":null}},"10":{"start":{"line":23,"column":2},"end":{"line":23,"column":null}},"11":{"start":{"line":25,"column":2},"end":{"line":27,"column":null}},"12":{"start":{"line":26,"column":4},"end":{"line":26,"column":null}},"13":{"start":{"line":29,"column":2},"end":{"line":31,"column":null}},"14":{"start":{"line":30,"column":4},"end":{"line":30,"column":null}},"15":{"start":{"line":34,"column":17},"end":{"line":36,"column":null}},"16":{"start":{"line":35,"column":2},"end":{"line":35,"column":null}},"17":{"start":{"line":38,"column":21},"end":{"line":44,"column":null}},"18":{"start":{"line":39,"column":2},"end":{"line":43,"column":null}},"19":{"start":{"line":40,"column":4},"end":{"line":40,"column":null}},"20":{"start":{"line":42,"column":4},"end":{"line":42,"column":null}},"21":{"start":{"line":46,"column":24},"end":{"line":48,"column":null}},"22":{"start":{"line":47,"column":2},"end":{"line":47,"column":null}}},"fnMap":{"0":{"name":"(anonymous_0)","decl":{"start":{"line":4,"column":29},"end":{"line":4,"column":30}},"loc":{"start":{"line":4,"column":87},"end":{"line":20,"column":null}},"line":4},"1":{"name":"(anonymous_1)","decl":{"start":{"line":12,"column":29},"end":{"line":12,"column":30}},"loc":{"start":{"line":12,"column":48},"end":{"line":14,"column":5}},"line":12},"2":{"name":"(anonymous_2)","decl":{"start":{"line":22,"column":17},"end":{"line":22,"column":18}},"loc":{"start":{"line":22,"column":58},"end":{"line":32,"column":null}},"line":22},"3":{"name":"(anonymous_3)","decl":{"start":{"line":34,"column":17},"end":{"line":34,"column":18}},"loc":{"start":{"line":34,"column":74},"end":{"line":36,"column":null}},"line":34},"4":{"name":"(anonymous_4)","decl":{"start":{"line":38,"column":21},"end":{"line":38,"column":22}},"loc":{"start":{"line":38,"column":72},"end":{"line":44,"column":null}},"line":38},"5":{"name":"(anonymous_5)","decl":{"start":{"line":46,"column":24},"end":{"line":46,"column":25}},"loc":{"start":{"line":46,"column":59},"end":{"line":48,"column":null}},"line":46}},"branchMap":{"0":{"loc":{"start":{"line":7,"column":2},"end":{"line":9,"column":null}},"type":"if","locations":[{"start":{"line":7,"column":2},"end":{"line":9,"column":null}},{"start":{},"end":{}}],"line":7},"1":{"loc":{"start":{"line":11,"column":2},"end":{"line":15,"column":null}},"type":"if","locations":[{"start":{"line":11,"column":2},"end":{"line":15,"column":null}},{"start":{},"end":{}}],"line":11},"2":{"loc":{"start":{"line":25,"column":2},"end":{"line":27,"column":null}},"type":"if","locations":[{"start":{"line":25,"column":2},"end":{"line":27,"column":null}},{"start":{},"end":{}}],"line":25},"3":{"loc":{"start":{"line":29,"column":2},"end":{"line":31,"column":null}},"type":"if","locations":[{"start":{"line":29,"column":2},"end":{"line":31,"column":null}},{"start":{},"end":{}}],"line":29},"4":{"loc":{"start":{"line":39,"column":2},"end":{"line":43,"column":null}},"type":"if","locations":[{"start":{"line":39,"column":2},"end":{"line":43,"column":null}},{"start":{"line":41,"column":9},"end":{"line":43,"column":null}}],"line":39}},"s":{"0":2,"1":75,"2":75,"3":18,"4":75,"5":4,"6":8,"7":75,"8":34,"9":2,"10":18,"11":18,"12":15,"13":18,"14":3,"15":2,"16":8,"17":2,"18":34,"19":3,"20":31,"21":2,"22":3},"f":{"0":75,"1":8,"2":18,"3":8,"4":34,"5":3},"b":{"0":[18,57],"1":[4,71],"2":[15,3],"3":[3,15],"4":[3,31]},"meta":{"lastBranch":5,"lastFunction":6,"lastStatement":23,"seen":{"s:4:29:20:Infinity":0,"f:4:29:4:30":0,"s:5:53:5:Infinity":1,"b:7:2:9:Infinity:undefined:undefined:undefined:undefined":0,"s:7:2:9:Infinity":2,"s:8:4:8:Infinity":3,"b:11:2:15:Infinity:undefined:undefined:undefined:undefined":1,"s:11:2:15:Infinity":4,"s:12:4:14:Infinity":5,"f:12:29:12:30":1,"s:13:6:13:Infinity":6,"s:17:2:19:Infinity":7,"s:18:4:18:Infinity":8,"s:22:17:32:Infinity":9,"f:22:17:22:18":2,"s:23:2:23:Infinity":10,"b:25:2:27:Infinity:undefined:undefined:undefined:undefined":2,"s:25:2:27:Infinity":11,"s:26:4:26:Infinity":12,"b:29:2:31:Infinity:undefined:undefined:undefined:undefined":3,"s:29:2:31:Infinity":13,"s:30:4:30:Infinity":14,"s:34:17:36:Infinity":15,"f:34:17:34:18":3,"s:35:2:35:Infinity":16,"s:38:21:44:Infinity":17,"f:38:21:38:22":4,"b:39:2:43:Infinity:41:9:43:Infinity":4,"s:39:2:43:Infinity":18,"s:40:4:40:Infinity":19,"s:42:4:42:Infinity":20,"s:46:24:48:Infinity":21,"f:46:24:46:25":5,"s:47:2:47:Infinity":22}}}
,"/Users/zillingen/dev/custom-fe-fwk/packages/runtime/src/components.ts": {"path":"/Users/zillingen/dev/custom-fe-fwk/packages/runtime/src/components.ts","statementMap":{"0":{"start":{"line":6,"column":32},"end":{"line":9,"column":null}},"1":{"start":{"line":6,"column":50},"end":{"line":9,"column":null}}},"fnMap":{"0":{"name":"(anonymous_0)","decl":{"start":{"line":6,"column":32},"end":{"line":6,"column":33}},"loc":{"start":{"line":6,"column":50},"end":{"line":9,"column":null}},"line":6}},"branchMap":{},"s":{"0":1,"1":1},"f":{"0":1},"b":{},"meta":{"lastBranch":0,"lastFunction":1,"lastStatement":2,"seen":{"s:6:32:9:Infinity":0,"f:6:32:6:33":0,"s:6:50:9:Infinity":1}}}
,"/Users/zillingen/dev/custom-fe-fwk/packages/runtime/src/destroy-dom.ts": {"path":"/Users/zillingen/dev/custom-fe-fwk/packages/runtime/src/destroy-dom.ts","statementMap":{"0":{"start":{"line":5,"column":26},"end":{"line":26,"column":null}},"1":{"start":{"line":6,"column":19},"end":{"line":6,"column":null}},"2":{"start":{"line":8,"column":2},"end":{"line":23,"column":null}},"3":{"start":{"line":10,"column":6},"end":{"line":10,"column":null}},"4":{"start":{"line":11,"column":6},"end":{"line":11,"column":null}},"5":{"start":{"line":14,"column":6},"end":{"line":14,"column":null}},"6":{"start":{"line":15,"column":6},"end":{"line":15,"column":null}},"7":{"start":{"line":18,"column":6},"end":{"line":18,"column":null}},"8":{"start":{"line":19,"column":6},"end":{"line":19,"column":null}},"9":{"start":{"line":22,"column":6},"end":{"line":22,"column":null}},"10":{"start":{"line":25,"column":2},"end":{"line":25,"column":null}},"11":{"start":{"line":28,"column":23},"end":{"line":31,"column":null}},"12":{"start":{"line":29,"column":17},"end":{"line":29,"column":null}},"13":{"start":{"line":30,"column":2},"end":{"line":30,"column":null}},"14":{"start":{"line":33,"column":26},"end":{"line":43,"column":null}},"15":{"start":{"line":34,"column":38},"end":{"line":34,"column":null}},"16":{"start":{"line":36,"column":2},"end":{"line":36,"column":null}},"17":{"start":{"line":37,"column":2},"end":{"line":37,"column":null}},"18":{"start":{"line":39,"column":2},"end":{"line":42,"column":null}},"19":{"start":{"line":40,"column":4},"end":{"line":40,"column":null}},"20":{"start":{"line":41,"column":4},"end":{"line":41,"column":null}},"21":{"start":{"line":45,"column":28},"end":{"line":48,"column":null}},"22":{"start":{"line":46,"column":23},"end":{"line":46,"column":null}},"23":{"start":{"line":47,"column":2},"end":{"line":47,"column":null}}},"fnMap":{"0":{"name":"(anonymous_0)","decl":{"start":{"line":5,"column":26},"end":{"line":5,"column":27}},"loc":{"start":{"line":5,"column":49},"end":{"line":26,"column":null}},"line":5},"1":{"name":"(anonymous_1)","decl":{"start":{"line":28,"column":23},"end":{"line":28,"column":24}},"loc":{"start":{"line":28,"column":44},"end":{"line":31,"column":null}},"line":28},"2":{"name":"(anonymous_2)","decl":{"start":{"line":33,"column":26},"end":{"line":33,"column":27}},"loc":{"start":{"line":33,"column":50},"end":{"line":43,"column":null}},"line":33},"3":{"name":"(anonymous_3)","decl":{"start":{"line":45,"column":28},"end":{"line":45,"column":29}},"loc":{"start":{"line":45,"column":53},"end":{"line":48,"column":null}},"line":45}},"branchMap":{"0":{"loc":{"start":{"line":8,"column":2},"end":{"line":23,"column":null}},"type":"switch","locations":[{"start":{"line":9,"column":4},"end":{"line":11,"column":null}},{"start":{"line":13,"column":4},"end":{"line":15,"column":null}},{"start":{"line":17,"column":4},"end":{"line":19,"column":null}},{"start":{"line":21,"column":4},"end":{"line":22,"column":null}}],"line":8},"1":{"loc":{"start":{"line":39,"column":2},"end":{"line":42,"column":null}},"type":"if","locations":[{"start":{"line":39,"column":2},"end":{"line":42,"column":null}},{"start":{},"end":{}}],"line":39},"2":{"loc":{"start":{"line":39,"column":6},"end":{"line":39,"column":23}},"type":"binary-expr","locations":[{"start":{"line":39,"column":6},"end":{"line":39,"column":19}},{"start":{"line":39,"column":19},"end":{"line":39,"column":23}}],"line":39}},"s":{"0":1,"1":23,"2":23,"3":8,"4":8,"5":10,"6":10,"7":4,"8":4,"9":1,"10":22,"11":1,"12":8,"13":8,"14":1,"15":10,"16":10,"17":10,"18":10,"19":1,"20":1,"21":1,"22":4,"23":4},"f":{"0":23,"1":8,"2":10,"3":4},"b":{"0":[8,10,4,1],"1":[1,9],"2":[10,1]},"meta":{"lastBranch":3,"lastFunction":4,"lastStatement":24,"seen":{"s:5:26:26:Infinity":0,"f:5:26:5:27":0,"s:6:19:6:Infinity":1,"b:9:4:11:Infinity:13:4:15:Infinity:17:4:19:Infinity:21:4:22:Infinity":0,"s:8:2:23:Infinity":2,"s:10:6:10:Infinity":3,"s:11:6:11:Infinity":4,"s:14:6:14:Infinity":5,"s:15:6:15:Infinity":6,"s:18:6:18:Infinity":7,"s:19:6:19:Infinity":8,"s:22:6:22:Infinity":9,"s:25:2:25:Infinity":10,"s:28:23:31:Infinity":11,"f:28:23:28:24":1,"s:29:17:29:Infinity":12,"s:30:2:30:Infinity":13,"s:33:26:43:Infinity":14,"f:33:26:33:27":2,"s:34:38:34:Infinity":15,"s:36:2:36:Infinity":16,"s:37:2:37:Infinity":17,"b:39:2:42:Infinity:undefined:undefined:undefined:undefined":1,"s:39:2:42:Infinity":18,"b:39:6:39:19:39:19:39:23":2,"s:40:4:40:Infinity":19,"s:41:4:41:Infinity":20,"s:45:28:48:Infinity":21,"f:45:28:45:29":3,"s:46:23:46:Infinity":22,"s:47:2:47:Infinity":23}}}
,"/Users/zillingen/dev/custom-fe-fwk/packages/runtime/src/events.ts": {"path":"/Users/zillingen/dev/custom-fe-fwk/packages/runtime/src/events.ts","statementMap":{"0":{"start":{"line":4,"column":33},"end":{"line":17,"column":null}},"1":{"start":{"line":5,"column":40},"end":{"line":5,"column":null}},"2":{"start":{"line":7,"column":2},"end":{"line":7,"column":null}},"3":{"start":{"line":7,"column":11},"end":{"line":7,"column":null}},"4":{"start":{"line":9,"column":2},"end":{"line":14,"column":null}},"5":{"start":{"line":10,"column":4},"end":{"line":13,"column":null}},"6":{"start":{"line":11,"column":23},"end":{"line":11,"column":null}},"7":{"start":{"line":12,"column":6},"end":{"line":12,"column":null}},"8":{"start":{"line":16,"column":2},"end":{"line":16,"column":null}},"9":{"start":{"line":19,"column":25},"end":{"line":23,"column":null}},"10":{"start":{"line":20,"column":2},"end":{"line":20,"column":null}},"11":{"start":{"line":22,"column":2},"end":{"line":22,"column":null}},"12":{"start":{"line":25,"column":36},"end":{"line":33,"column":null}},"13":{"start":{"line":26,"column":2},"end":{"line":26,"column":null}},"14":{"start":{"line":26,"column":11},"end":{"line":26,"column":null}},"15":{"start":{"line":28,"column":2},"end":{"line":32,"column":null}},"16":{"start":{"line":29,"column":4},"end":{"line":31,"column":null}},"17":{"start":{"line":30,"column":6},"end":{"line":30,"column":null}}},"fnMap":{"0":{"name":"(anonymous_0)","decl":{"start":{"line":4,"column":33},"end":{"line":4,"column":34}},"loc":{"start":{"line":4,"column":103},"end":{"line":17,"column":null}},"line":4},"1":{"name":"(anonymous_1)","decl":{"start":{"line":9,"column":29},"end":{"line":9,"column":30}},"loc":{"start":{"line":9,"column":55},"end":{"line":14,"column":3}},"line":9},"2":{"name":"(anonymous_2)","decl":{"start":{"line":19,"column":25},"end":{"line":19,"column":26}},"loc":{"start":{"line":19,"column":87},"end":{"line":23,"column":null}},"line":19},"3":{"name":"(anonymous_3)","decl":{"start":{"line":25,"column":36},"end":{"line":25,"column":37}},"loc":{"start":{"line":25,"column":101},"end":{"line":33,"column":null}},"line":25},"4":{"name":"(anonymous_4)","decl":{"start":{"line":28,"column":29},"end":{"line":28,"column":30}},"loc":{"start":{"line":28,"column":56},"end":{"line":32,"column":3}},"line":28}},"branchMap":{"0":{"loc":{"start":{"line":4,"column":34},"end":{"line":4,"column":65}},"type":"default-arg","locations":[{"start":{"line":4,"column":61},"end":{"line":4,"column":65}}],"line":4},"1":{"loc":{"start":{"line":7,"column":2},"end":{"line":7,"column":null}},"type":"if","locations":[{"start":{"line":7,"column":2},"end":{"line":7,"column":null}},{"start":{},"end":{}}],"line":7},"2":{"loc":{"start":{"line":10,"column":4},"end":{"line":13,"column":null}},"type":"if","locations":[{"start":{"line":10,"column":4},"end":{"line":13,"column":null}},{"start":{},"end":{}}],"line":10},"3":{"loc":{"start":{"line":25,"column":37},"end":{"line":25,"column":68}},"type":"default-arg","locations":[{"start":{"line":25,"column":64},"end":{"line":25,"column":68}}],"line":25},"4":{"loc":{"start":{"line":26,"column":2},"end":{"line":26,"column":null}},"type":"if","locations":[{"start":{"line":26,"column":2},"end":{"line":26,"column":null}},{"start":{},"end":{}}],"line":26},"5":{"loc":{"start":{"line":29,"column":4},"end":{"line":31,"column":null}},"type":"if","locations":[{"start":{"line":29,"column":4},"end":{"line":31,"column":null}},{"start":{},"end":{}}],"line":29}},"s":{"0":2,"1":73,"2":73,"3":1,"4":72,"5":17,"6":15,"7":15,"8":72,"9":2,"10":15,"11":15,"12":2,"13":15,"14":1,"15":14,"16":13,"17":11},"f":{"0":73,"1":17,"2":15,"3":15,"4":13},"b":{"0":[73],"1":[1,72],"2":[15,2],"3":[15],"4":[1,14],"5":[11,2]},"meta":{"lastBranch":6,"lastFunction":5,"lastStatement":18,"seen":{"s:4:33:17:Infinity":0,"f:4:33:4:34":0,"b:4:61:4:65":0,"s:5:40:5:Infinity":1,"b:7:2:7:Infinity:undefined:undefined:undefined:undefined":1,"s:7:2:7:Infinity":2,"s:7:11:7:Infinity":3,"s:9:2:14:Infinity":4,"f:9:29:9:30":1,"b:10:4:13:Infinity:undefined:undefined:undefined:undefined":2,"s:10:4:13:Infinity":5,"s:11:23:11:Infinity":6,"s:12:6:12:Infinity":7,"s:16:2:16:Infinity":8,"s:19:25:23:Infinity":9,"f:19:25:19:26":2,"s:20:2:20:Infinity":10,"s:22:2:22:Infinity":11,"s:25:36:33:Infinity":12,"f:25:36:25:37":3,"b:25:64:25:68":3,"b:26:2:26:Infinity:undefined:undefined:undefined:undefined":4,"s:26:2:26:Infinity":13,"s:26:11:26:Infinity":14,"s:28:2:32:Infinity":15,"f:28:29:28:30":4,"b:29:4:31:Infinity:undefined:undefined:undefined:undefined":5,"s:29:4:31:Infinity":16,"s:30:6:30:Infinity":17}}}
,"/Users/zillingen/dev/custom-fe-fwk/packages/runtime/src/h.ts": {"path":"/Users/zillingen/dev/custom-fe-fwk/packages/runtime/src/h.ts","statementMap":{"0":{"start":{"line":4,"column":25},"end":{"line":8,"column":null}},"1":{"start":{"line":10,"column":17},"end":{"line":21,"column":null}},"2":{"start":{"line":15,"column":2},"end":{"line":20,"column":null}},"3":{"start":{"line":23,"column":21},"end":{"line":24,"column":null}},"4":{"start":{"line":24,"column":2},"end":{"line":24,"column":null}},"5":{"start":{"line":24,"column":26},"end":{"line":24,"column":76}},"6":{"start":{"line":26,"column":23},"end":{"line":26,"column":null}},"7":{"start":{"line":26,"column":54},"end":{"line":26,"column":null}},"8":{"start":{"line":28,"column":25},"end":{"line":31,"column":null}},"9":{"start":{"line":28,"column":95},"end":{"line":31,"column":null}}},"fnMap":{"0":{"name":"(anonymous_0)","decl":{"start":{"line":10,"column":17},"end":{"line":10,"column":null}},"loc":{"start":{"line":14,"column":19},"end":{"line":21,"column":null}},"line":14},"1":{"name":"(anonymous_1)","decl":{"start":{"line":23,"column":21},"end":{"line":23,"column":22}},"loc":{"start":{"line":24,"column":2},"end":{"line":24,"column":null}},"line":24},"2":{"name":"(anonymous_2)","decl":{"start":{"line":24,"column":15},"end":{"line":24,"column":16}},"loc":{"start":{"line":24,"column":26},"end":{"line":24,"column":76}},"line":24},"3":{"name":"(anonymous_3)","decl":{"start":{"line":26,"column":23},"end":{"line":26,"column":24}},"loc":{"start":{"line":26,"column":54},"end":{"line":26,"column":null}},"line":26},"4":{"name":"(anonymous_4)","decl":{"start":{"line":28,"column":25},"end":{"line":28,"column":26}},"loc":{"start":{"line":28,"column":95},"end":{"line":31,"column":null}},"line":28}},"branchMap":{"0":{"loc":{"start":{"line":12,"column":2},"end":{"line":12,"column":null}},"type":"default-arg","locations":[{"start":{"line":12,"column":22},"end":{"line":12,"column":null}}],"line":12},"1":{"loc":{"start":{"line":13,"column":2},"end":{"line":13,"column":null}},"type":"default-arg","locations":[{"start":{"line":13,"column":55},"end":{"line":13,"column":null}}],"line":13},"2":{"loc":{"start":{"line":24,"column":26},"end":{"line":24,"column":76}},"type":"cond-expr","locations":[{"start":{"line":24,"column":54},"end":{"line":24,"column":71}},{"start":{"line":24,"column":71},"end":{"line":24,"column":76}}],"line":24}},"s":{"0":4,"1":4,"2":63,"3":4,"4":71,"5":90,"6":4,"7":45,"8":4,"9":8},"f":{"0":63,"1":71,"2":90,"3":45,"4":8},"b":{"0":[63],"1":[63],"2":[29,61]},"meta":{"lastBranch":3,"lastFunction":5,"lastStatement":10,"seen":{"s:4:25:8:Infinity":0,"s:10:17:21:Infinity":1,"f:10:17:10:Infinity":0,"b:12:22:12:Infinity":0,"b:13:55:13:Infinity":1,"s:15:2:20:Infinity":2,"s:23:21:24:Infinity":3,"f:23:21:23:22":1,"s:24:2:24:Infinity":4,"f:24:15:24:16":2,"s:24:26:24:76":5,"b:24:54:24:71:24:71:24:76":2,"s:26:23:26:Infinity":6,"f:26:23:26:24":3,"s:26:54:26:Infinity":7,"s:28:25:31:Infinity":8,"f:28:25:28:26":4,"s:28:95:31:Infinity":9}}}
,"/Users/zillingen/dev/custom-fe-fwk/packages/runtime/src/mount-dom.ts": {"path":"/Users/zillingen/dev/custom-fe-fwk/packages/runtime/src/mount-dom.ts","statementMap":{"0":{"start":{"line":6,"column":24},"end":{"line":20,"column":null}},"1":{"start":{"line":7,"column":2},"end":{"line":19,"column":null}},"2":{"start":{"line":9,"column":6},"end":{"line":9,"column":null}},"3":{"start":{"line":10,"column":6},"end":{"line":10,"column":null}},"4":{"start":{"line":12,"column":6},"end":{"line":12,"column":null}},"5":{"start":{"line":13,"column":6},"end":{"line":13,"column":null}},"6":{"start":{"line":15,"column":6},"end":{"line":15,"column":null}},"7":{"start":{"line":16,"column":6},"end":{"line":16,"column":null}},"8":{"start":{"line":18,"column":6},"end":{"line":18,"column":null}},"9":{"start":{"line":22,"column":23},"end":{"line":29,"column":null}},"10":{"start":{"line":23,"column":20},"end":{"line":23,"column":null}},"11":{"start":{"line":25,"column":19},"end":{"line":25,"column":null}},"12":{"start":{"line":26,"column":2},"end":{"line":26,"column":null}},"13":{"start":{"line":28,"column":2},"end":{"line":28,"column":null}},"14":{"start":{"line":31,"column":28},"end":{"line":36,"column":null}},"15":{"start":{"line":32,"column":23},"end":{"line":32,"column":null}},"16":{"start":{"line":33,"column":2},"end":{"line":33,"column":null}},"17":{"start":{"line":35,"column":2},"end":{"line":35,"column":null}},"18":{"start":{"line":35,"column":30},"end":{"line":35,"column":55}},"19":{"start":{"line":38,"column":26},"end":{"line":50,"column":null}},"20":{"start":{"line":39,"column":35},"end":{"line":39,"column":null}},"21":{"start":{"line":41,"column":18},"end":{"line":41,"column":null}},"22":{"start":{"line":42,"column":2},"end":{"line":44,"column":null}},"23":{"start":{"line":43,"column":4},"end":{"line":43,"column":null}},"24":{"start":{"line":45,"column":2},"end":{"line":45,"column":null}},"25":{"start":{"line":46,"column":2},"end":{"line":46,"column":null}},"26":{"start":{"line":48,"column":2},"end":{"line":48,"column":null}},"27":{"start":{"line":48,"column":31},"end":{"line":48,"column":55}},"28":{"start":{"line":49,"column":2},"end":{"line":49,"column":null}},"29":{"start":{"line":52,"column":17},"end":{"line":57,"column":null}},"30":{"start":{"line":53,"column":35},"end":{"line":53,"column":null}},"31":{"start":{"line":55,"column":2},"end":{"line":55,"column":null}},"32":{"start":{"line":56,"column":2},"end":{"line":56,"column":null}}},"fnMap":{"0":{"name":"(anonymous_0)","decl":{"start":{"line":6,"column":24},"end":{"line":6,"column":25}},"loc":{"start":{"line":6,"column":70},"end":{"line":20,"column":null}},"line":6},"1":{"name":"(anonymous_1)","decl":{"start":{"line":22,"column":23},"end":{"line":22,"column":24}},"loc":{"start":{"line":22,"column":67},"end":{"line":29,"column":null}},"line":22},"2":{"name":"(anonymous_2)","decl":{"start":{"line":31,"column":28},"end":{"line":31,"column":29}},"loc":{"start":{"line":31,"column":76},"end":{"line":36,"column":null}},"line":31},"3":{"name":"(anonymous_3)","decl":{"start":{"line":35,"column":19},"end":{"line":35,"column":20}},"loc":{"start":{"line":35,"column":30},"end":{"line":35,"column":55}},"line":35},"4":{"name":"(anonymous_4)","decl":{"start":{"line":38,"column":26},"end":{"line":38,"column":27}},"loc":{"start":{"line":38,"column":73},"end":{"line":50,"column":null}},"line":38},"5":{"name":"(anonymous_5)","decl":{"start":{"line":48,"column":20},"end":{"line":48,"column":21}},"loc":{"start":{"line":48,"column":31},"end":{"line":48,"column":55}},"line":48},"6":{"name":"(anonymous_6)","decl":{"start":{"line":52,"column":17},"end":{"line":52,"column":18}},"loc":{"start":{"line":52,"column":82},"end":{"line":57,"column":null}},"line":52}},"branchMap":{"0":{"loc":{"start":{"line":7,"column":2},"end":{"line":19,"column":null}},"type":"switch","locations":[{"start":{"line":8,"column":4},"end":{"line":10,"column":null}},{"start":{"line":11,"column":4},"end":{"line":13,"column":null}},{"start":{"line":14,"column":4},"end":{"line":16,"column":null}},{"start":{"line":17,"column":4},"end":{"line":18,"column":null}}],"line":7},"1":{"loc":{"start":{"line":42,"column":2},"end":{"line":44,"column":null}},"type":"if","locations":[{"start":{"line":42,"column":2},"end":{"line":44,"column":null}},{"start":{},"end":{}}],"line":42},"2":{"loc":{"start":{"line":52,"column":35},"end":{"line":52,"column":59}},"type":"default-arg","locations":[{"start":{"line":52,"column":55},"end":{"line":52,"column":59}}],"line":52}},"s":{"0":1,"1":98,"2":36,"3":36,"4":55,"5":55,"6":7,"7":7,"8":0,"9":1,"10":36,"11":36,"12":36,"13":36,"14":1,"15":7,"16":7,"17":7,"18":17,"19":1,"20":55,"21":55,"22":55,"23":0,"24":55,"25":55,"26":55,"27":63,"28":55,"29":1,"30":55,"31":55,"32":55},"f":{"0":98,"1":36,"2":7,"3":17,"4":55,"5":63,"6":55},"b":{"0":[36,55,7,0],"1":[0,55],"2":[55]},"meta":{"lastBranch":3,"lastFunction":7,"lastStatement":33,"seen":{"s:6:24:20:Infinity":0,"f:6:24:6:25":0,"b:8:4:10:Infinity:11:4:13:Infinity:14:4:16:Infinity:17:4:18:Infinity":0,"s:7:2:19:Infinity":1,"s:9:6:9:Infinity":2,"s:10:6:10:Infinity":3,"s:12:6:12:Infinity":4,"s:13:6:13:Infinity":5,"s:15:6:15:Infinity":6,"s:16:6:16:Infinity":7,"s:18:6:18:Infinity":8,"s:22:23:29:Infinity":9,"f:22:23:22:24":1,"s:23:20:23:Infinity":10,"s:25:19:25:Infinity":11,"s:26:2:26:Infinity":12,"s:28:2:28:Infinity":13,"s:31:28:36:Infinity":14,"f:31:28:31:29":2,"s:32:23:32:Infinity":15,"s:33:2:33:Infinity":16,"s:35:2:35:Infinity":17,"f:35:19:35:20":3,"s:35:30:35:55":18,"s:38:26:50:Infinity":19,"f:38:26:38:27":4,"s:39:35:39:Infinity":20,"s:41:18:41:Infinity":21,"b:42:2:44:Infinity:undefined:undefined:undefined:undefined":1,"s:42:2:44:Infinity":22,"s:43:4:43:Infinity":23,"s:45:2:45:Infinity":24,"s:46:2:46:Infinity":25,"s:48:2:48:Infinity":26,"f:48:20:48:21":5,"s:48:31:48:55":27,"s:49:2:49:Infinity":28,"s:52:17:57:Infinity":29,"f:52:17:52:18":6,"b:52:55:52:59":2,"s:53:35:53:Infinity":30,"s:55:2:55:Infinity":31,"s:56:2:56:Infinity":32}}}
,"/Users/zillingen/dev/custom-fe-fwk/packages/runtime/src/utils/arrays.ts": {"path":"/Users/zillingen/dev/custom-fe-fwk/packages/runtime/src/utils/arrays.ts","statementMap":{"0":{"start":{"line":1,"column":28},"end":{"line":1,"column":null}},"1":{"start":{"line":1,"column":98},"end":{"line":1,"column":null}},"2":{"start":{"line":1,"column":117},"end":{"line":1,"column":127}}},"fnMap":{"0":{"name":"(anonymous_0)","decl":{"start":{"line":1,"column":28},"end":{"line":1,"column":67}},"loc":{"start":{"line":1,"column":98},"end":{"line":1,"column":null}},"line":1},"1":{"name":"(anonymous_1)","decl":{"start":{"line":1,"column":109},"end":{"line":1,"column":110}},"loc":{"start":{"line":1,"column":117},"end":{"line":1,"column":127}},"line":1}},"branchMap":{},"s":{"0":5,"1":72,"2":97},"f":{"0":72,"1":97},"b":{},"meta":{"lastBranch":0,"lastFunction":2,"lastStatement":3,"seen":{"s:1:28:1:Infinity":0,"f:1:28:1:67":0,"s:1:98:1:Infinity":1,"f:1:109:1:110":1,"s:1:117:1:127":2}}}
,"/Users/zillingen/dev/custom-fe-fwk/packages/runtime/src/utils/objects.ts": {"path":"/Users/zillingen/dev/custom-fe-fwk/packages/runtime/src/utils/objects.ts","statementMap":{"0":{"start":{"line":1,"column":23},"end":{"line":3,"column":null}},"1":{"start":{"line":2,"column":2},"end":{"line":2,"column":null}}},"fnMap":{"0":{"name":"(anonymous_0)","decl":{"start":{"line":1,"column":23},"end":{"line":1,"column":61}},"loc":{"start":{"line":1,"column":85},"end":{"line":3,"column":null}},"line":1}},"branchMap":{},"s":{"0":4,"1":91},"f":{"0":91},"b":{},"meta":{"lastBranch":0,"lastFunction":1,"lastStatement":2,"seen":{"s:1:23:3:Infinity":0,"f:1:23:1:61":0,"s:2:2:2:Infinity":1}}}
,"/Users/zillingen/dev/custom-fe-fwk/packages/runtime/src/utils/text.ts": {"path":"/Users/zillingen/dev/custom-fe-fwk/packages/runtime/src/utils/text.ts","statementMap":{"0":{"start":{"line":4,"column":19},"end":{"line":4,"column":null}},"1":{"start":{"line":9,"column":22},"end":{"line":10,"column":null}},"2":{"start":{"line":10,"column":2},"end":{"line":10,"column":null}}},"fnMap":{"0":{"name":"(anonymous_0)","decl":{"start":{"line":9,"column":22},"end":{"line":9,"column":23}},"loc":{"start":{"line":10,"column":2},"end":{"line":10,"column":null}},"line":10}},"branchMap":{"0":{"loc":{"start":{"line":9,"column":23},"end":{"line":9,"column":null}},"type":"default-arg","locations":[{"start":{"line":9,"column":37},"end":{"line":9,"column":null}}],"line":9}},"s":{"0":1,"1":1,"2":1},"f":{"0":1},"b":{"0":[1]},"meta":{"lastBranch":1,"lastFunction":1,"lastStatement":3,"seen":{"s:4:19:4:Infinity":0,"s:9:22:10:Infinity":1,"f:9:22:9:23":0,"s:10:2:10:Infinity":2,"b:9:37:9:Infinity":0}}}
}
